Using pre-set license
Built from '2022.2/staging' branch; Version is '2022.2.5f1 (551d45108343) revision 5578053'; Using compiler version '192829333'; Build Type 'Release'
OS: 'Windows 11  (10.0.22000) 64bit Professional' Language: 'ru' Physical Memory: 16291 MB
BatchMode: 1, IsHumanControllingUs: 0, StartBugReporterOnCrash: 0, Is64bit: 1, IsPro: 1

COMMAND LINE ARGUMENTS:
D:\Game jame\Engine\2022.2.5f1\Editor\Unity.exe
-adb2
-batchMode
-noUpm
-name
AssetImportWorker0
-projectPath
D:/Game jame/Проекты/Riza Denrtou
-logFile
Logs/AssetImportWorker0.log
-srvPort
55759
Successfully changed project path to: D:/Game jame/Проекты/Riza Denrtou
D:/Game jame/Проекты/Riza Denrtou
[UnityMemory] Configuration Parameters - Can be set up in boot.config
    "memorysetup-bucket-allocator-granularity=16"
    "memorysetup-bucket-allocator-bucket-count=8"
    "memorysetup-bucket-allocator-block-size=33554432"
    "memorysetup-bucket-allocator-block-count=8"
    "memorysetup-main-allocator-block-size=16777216"
    "memorysetup-thread-allocator-block-size=16777216"
    "memorysetup-gfx-main-allocator-block-size=16777216"
    "memorysetup-gfx-thread-allocator-block-size=16777216"
    "memorysetup-cache-allocator-block-size=4194304"
    "memorysetup-typetree-allocator-block-size=2097152"
    "memorysetup-profiler-bucket-allocator-granularity=16"
    "memorysetup-profiler-bucket-allocator-bucket-count=8"
    "memorysetup-profiler-bucket-allocator-block-size=33554432"
    "memorysetup-profiler-bucket-allocator-block-count=8"
    "memorysetup-profiler-allocator-block-size=16777216"
    "memorysetup-profiler-editor-allocator-block-size=1048576"
    "memorysetup-temp-allocator-size-main=16777216"
    "memorysetup-job-temp-allocator-block-size=2097152"
    "memorysetup-job-temp-allocator-block-size-background=1048576"
    "memorysetup-job-temp-allocator-reduction-small-platforms=262144"
    "memorysetup-temp-allocator-size-background-worker=32768"
    "memorysetup-temp-allocator-size-job-worker=262144"
    "memorysetup-temp-allocator-size-preload-manager=33554432"
    "memorysetup-temp-allocator-size-nav-mesh-worker=65536"
    "memorysetup-temp-allocator-size-audio-worker=65536"
    "memorysetup-temp-allocator-size-cloud-worker=32768"
    "memorysetup-temp-allocator-size-gi-baking-worker=262144"
    "memorysetup-temp-allocator-size-gfx=262144"
Player connection [3044] Host "[IP] 26.100.199.12 [Port] 0 [Flags] 2 [Guid] 1245048412 [EditorId] 1245048412 [Version] 1048832 [Id] WindowsEditor(7,DESKTOP-S8OAS83) [Debug] 1 [PackageName] WindowsEditor [ProjectName] Editor" joined multi-casting on [225.0.0.222:54997]...

Player connection [3044] Host "[IP] 26.100.199.12 [Port] 0 [Flags] 2 [Guid] 1245048412 [EditorId] 1245048412 [Version] 1048832 [Id] WindowsEditor(7,DESKTOP-S8OAS83) [Debug] 1 [PackageName] WindowsEditor [ProjectName] Editor" joined alternative multi-casting on [225.0.0.222:34997]...

Refreshing native plugins compatible for Editor in 6.35 ms, found 3 plugins.
Preloading 0 native plugins for Editor in 0.00 ms.
Initialize engine version: 2022.2.5f1 (551d45108343)
[Subsystems] Discovering subsystems at path D:/Game jame/Engine/2022.2.5f1/Editor/Data/Resources/UnitySubsystems
[Subsystems] Discovering subsystems at path D:/Game jame/Проекты/Riza Denrtou/Assets
GfxDevice: creating device client; threaded=0; jobified=0
Direct3D:
    Version:  Direct3D 11.0 [level 11.1]
    Renderer: NVIDIA GeForce RTX 2060 (ID=0x1e89)
    Vendor:   NVIDIA
    VRAM:     5958 MB
    Driver:   31.0.15.2824
Shader 'WFX/Transparent Diffuse': fallback shader 'Particles/Alpha Blended' not found
Shader 'WFX/Transparent Specular': fallback shader 'Particles/Alpha Blended' not found
Initialize mono
Mono path[0] = 'D:/Game jame/Engine/2022.2.5f1/Editor/Data/Managed'
Mono path[1] = 'D:/Game jame/Engine/2022.2.5f1/Editor/Data/MonoBleedingEdge/lib/mono/unityjit-win32'
Mono config path = 'D:/Game jame/Engine/2022.2.5f1/Editor/Data/MonoBleedingEdge/etc'
Using monoOptions --debugger-agent=transport=dt_socket,embedding=1,server=y,suspend=n,address=127.0.0.1:56124
Begin MonoManager ReloadAssembly
Registering precompiled unity dll's ...
Register platform support module: D:/Game jame/Engine/2022.2.5f1/Editor/Data/PlaybackEngines/WindowsStandaloneSupport/UnityEditor.WindowsStandalone.Extensions.dll
Registered in 0.002923 seconds.
- Loaded All Assemblies, in  0.331 seconds
Native extension for WindowsStandalone target not found
Mono: successfully reloaded assembly
- Finished resetting the current domain, in  0.269 seconds
Domain Reload Profiling:
	ReloadAssembly (195ms)
		BeginReloadAssembly (84ms)
			ExecutionOrderSort (0ms)
			DisableScriptedObjects (0ms)
			BackupInstance (0ms)
			ReleaseScriptingObjects (0ms)
			CreateAndSetChildDomain (1ms)
		LoadAllAssembliesAndSetupDomain (0ms)
			LoadAssemblies (84ms)
			RebuildTransferFunctionScriptingTraits (0ms)
			SetupTypeCache (133ms)
				TypeCache.Initialize (132ms)
					TypeCache.ScanAssembly (130ms)
				ResolveRequiredComponents (0ms)
		FinalizeReload (0ms)
			ReleaseScriptCaches (0ms)
			RebuildScriptCaches (0ms)
			SetupLoadedEditorAssemblies (209ms)
				LogAssemblyErrors (0ms)
				InitializePlatformSupportModulesInManaged (7ms)
				SetLoadedEditorAssemblies (7ms)
				RefreshPlugins (0ms)
				BeforeProcessingInitializeOnLoad (2ms)
				ProcessInitializeOnLoadAttributes (139ms)
				ProcessInitializeOnLoadMethodAttributes (54ms)
				AfterProcessingInitializeOnLoad (0ms)
				EditorAssembliesLoaded (0ms)
			ExecutionOrderSort2 (0ms)
			AwakeInstancesAfterBackupRestoration (0ms)
========================================================================
Worker process is ready to serve import requests
Begin MonoManager ReloadAssembly
Symbol file LoadedFromMemory doesn't match image D:\Game jame\Проекты\Riza Denrtou\Library\PackageCache\com.unity.visualscripting@1.8.0\Editor\VisualScripting.Core\Dependencies\YamlDotNet\Unity.VisualScripting.YamlDotNet.dll
Symbol file LoadedFromMemory doesn't match image D:\Game jame\Проекты\Riza Denrtou\Library\PackageCache\com.unity.visualscripting@1.8.0\Editor\VisualScripting.Core\Dependencies\DotNetZip\Unity.VisualScripting.IonicZip.dll
- Loaded All Assemblies, in  0.836 seconds
Refreshing native plugins compatible for Editor in 4.17 ms, found 3 plugins.
Native extension for WindowsStandalone target not found
Mono: successfully reloaded assembly
- Finished resetting the current domain, in  0.521 seconds
Domain Reload Profiling:
	ReloadAssembly (232ms)
		BeginReloadAssembly (135ms)
			ExecutionOrderSort (0ms)
			DisableScriptedObjects (6ms)
			BackupInstance (0ms)
			ReleaseScriptingObjects (0ms)
			CreateAndSetChildDomain (22ms)
		LoadAllAssembliesAndSetupDomain (604ms)
			LoadAssemblies (230ms)
			RebuildTransferFunctionScriptingTraits (0ms)
			SetupTypeCache (438ms)
				TypeCache.Initialize (314ms)
					TypeCache.ScanAssembly (309ms)
				ResolveRequiredComponents (5ms)
		FinalizeReload (0ms)
			ReleaseScriptCaches (0ms)
			RebuildScriptCaches (0ms)
			SetupLoadedEditorAssemblies (365ms)
				LogAssemblyErrors (0ms)
				InitializePlatformSupportModulesInManaged (4ms)
				SetLoadedEditorAssemblies (3ms)
				RefreshPlugins (0ms)
				BeforeProcessingInitializeOnLoad (51ms)
				ProcessInitializeOnLoadAttributes (286ms)
				ProcessInitializeOnLoadMethodAttributes (19ms)
				AfterProcessingInitializeOnLoad (2ms)
				EditorAssembliesLoaded (0ms)
			ExecutionOrderSort2 (0ms)
			AwakeInstancesAfterBackupRestoration (9ms)
Shader 'WFX/Transparent Diffuse': fallback shader 'Particles/Alpha Blended' not found
Shader 'WFX/Transparent Specular': fallback shader 'Particles/Alpha Blended' not found
Launched and connected shader compiler UnityShaderCompiler.exe after 0.05 seconds
Refreshing native plugins compatible for Editor in 2.27 ms, found 3 plugins.
Preloading 0 native plugins for Editor in 0.00 ms.
Unloading 3675 Unused Serialized files (Serialized files now loaded: 0)
Unloading 36 unused Assets / (1.4 MB). Loaded Objects now: 4131.
Memory consumption went from 0.57 GB to 0.57 GB.
Total: 5.039900 ms (FindLiveObjects: 0.387200 ms CreateObjectMapping: 0.439200 ms MarkObjects: 3.723000 ms  DeleteObjects: 0.489400 ms)

AssetImportParameters requested are different than current active one (requested -> active):
  custom:container-demuxer-ogg: 62fdf1f143b41e24485cea50d1cbac27 -> 
  custom:video-decoder-ogg-theora: a1e56fd34408186e4bbccfd4996cb3dc -> 
  custom:framework-win-MediaFoundation: 216162199b28c13a410421893ffa2e32 -> 
  custom:container-demuxer-webm: 4f35f7cbe854078d1ac9338744f61a02 -> 
  custom:container-muxer-webm: aa71ff27fc2769a1b78a27578f13a17b -> 
  custom:video-decoder-webm-vp8: 9c59270c3fd7afecdb556c50c9e8de78 -> 
  custom:AudioImporter_EditorPlatform: d09bf68614088b80899f8185d706f6e7 -> 
  custom:video-encoder-webm-vp8: eb34c28f22e8b96e1ab97ce403110664 -> 
  custom:audio-decoder-ogg-vorbis: bf7c407c2cedff20999df2af8eb42d56 -> 
  custom:audio-encoder-webm-vorbis: bf7c407c2cedff20999df2af8eb42d56 -> 
========================================================================
Received Import Request.
  Time since last request: 343.601496 seconds.
  path: Assets/JMO Assets/Cartoon FX Easy Editor/Editor
  artifactKey: Guid(ef74fe7f8dfc6894481d107231650819) Importer(815301076,1909f56bfc062723c751e8b465ee728b)
Start importing Assets/JMO Assets/Cartoon FX Easy Editor/Editor using Guid(ef74fe7f8dfc6894481d107231650819) Importer(815301076,1909f56bfc062723c751e8b465ee728b)  -> (artifact id: '8fd283d9e241cd8285e82174b8706640') in 0.002476 seconds 
Number of updated asset objects reloaded before import = 0
Number of asset objects unloaded after import = 0
========================================================================
Received Import Request.
  Time since last request: 48.194577 seconds.
  path: Assets/POLYGON - FPS free/polygon fps sounds/legs/walk_side.wav
  artifactKey: Guid(6f4fdfc0c264e6243b1c5a402016ffc4) Importer(815301076,1909f56bfc062723c751e8b465ee728b)
Start importing Assets/POLYGON - FPS free/polygon fps sounds/legs/walk_side.wav using Guid(6f4fdfc0c264e6243b1c5a402016ffc4) Importer(815301076,1909f56bfc062723c751e8b465ee728b)  -> (artifact id: '3d59eb3b1475ebb682bcdadaf2e01025') in 0.105001 seconds 
Number of updated asset objects reloaded before import = 0
Number of asset objects unloaded after import = 2
========================================================================
Received Import Request.
  Time since last request: 1.010379 seconds.
  path: Assets/POLYGON - FPS free/polygon fps sounds/legs/walk_duck.wav
  artifactKey: Guid(d011bc9b33b1bbe4f8fe9f7d3aa1de54) Importer(815301076,1909f56bfc062723c751e8b465ee728b)
Start importing Assets/POLYGON - FPS free/polygon fps sounds/legs/walk_duck.wav using Guid(d011bc9b33b1bbe4f8fe9f7d3aa1de54) Importer(815301076,1909f56bfc062723c751e8b465ee728b)  -> (artifact id: 'a0be9da8692fdef2dcc4dd296fa82e75') in 0.008484 seconds 
Number of updated asset objects reloaded before import = 0
Number of asset objects unloaded after import = 2
========================================================================
Received Import Request.
  Time since last request: 0.104910 seconds.
  path: Assets/POLYGON - FPS free/polygon fps sounds/legs/walk.wav
  artifactKey: Guid(c9ff6542e42961040b5f76a576429d21) Importer(815301076,1909f56bfc062723c751e8b465ee728b)
Start importing Assets/POLYGON - FPS free/polygon fps sounds/legs/walk.wav using Guid(c9ff6542e42961040b5f76a576429d21) Importer(815301076,1909f56bfc062723c751e8b465ee728b)  -> (artifact id: '08c4b8d686f8699d3773e5ea4a668277') in 0.025090 seconds 
Number of updated asset objects reloaded before import = 0
Number of asset objects unloaded after import = 2
========================================================================
Received Import Request.
  Time since last request: 0.050675 seconds.
  path: Assets/POLYGON - FPS free/polygon fps sounds/old_pistol/shoot silence old_pistol.wav
  artifactKey: Guid(cda441b8614ef3444a84d0592820c172) Importer(815301076,1909f56bfc062723c751e8b465ee728b)
Start importing Assets/POLYGON - FPS free/polygon fps sounds/old_pistol/shoot silence old_pistol.wav using Guid(cda441b8614ef3444a84d0592820c172) Importer(815301076,1909f56bfc062723c751e8b465ee728b)  -> (artifact id: 'd4fc5c34f5c78b52f5f8946c1f279647') in 0.024161 seconds 
Number of updated asset objects reloaded before import = 0
Number of asset objects unloaded after import = 2
========================================================================
Received Import Request.
  Time since last request: 0.064402 seconds.
  path: Assets/POLYGON - FPS free/polygon fps sounds/assault57/shoot silence assault57.wav
  artifactKey: Guid(f5e2372aea076384ea23e65a143800ee) Importer(815301076,1909f56bfc062723c751e8b465ee728b)
Start importing Assets/POLYGON - FPS free/polygon fps sounds/assault57/shoot silence assault57.wav using Guid(f5e2372aea076384ea23e65a143800ee) Importer(815301076,1909f56bfc062723c751e8b465ee728b)  -> (artifact id: '37d630bb4781a6079b05583b9a2e09fb') in 0.016979 seconds 
Number of updated asset objects reloaded before import = 0
Number of asset objects unloaded after import = 2
========================================================================
Received Import Request.
  Time since last request: 0.319950 seconds.
  path: Assets/POLYGON - FPS free/polygon fps sounds/old_pistol/shoot old_pistol.wav
  artifactKey: Guid(ec1b3822c0212dd4b9f97253922e025d) Importer(815301076,1909f56bfc062723c751e8b465ee728b)
Start importing Assets/POLYGON - FPS free/polygon fps sounds/old_pistol/shoot old_pistol.wav using Guid(ec1b3822c0212dd4b9f97253922e025d) Importer(815301076,1909f56bfc062723c751e8b465ee728b)  -> (artifact id: '94a84741854a44a6bb5afc944e7721b6') in 0.006222 seconds 
Number of updated asset objects reloaded before import = 0
Number of asset objects unloaded after import = 2
========================================================================
Received Import Request.
  Time since last request: 0.036191 seconds.
  path: Assets/POLYGON - FPS free/polygon fps sounds/auge/shoot auge.wav
  artifactKey: Guid(56cb0e79f8acccd4086efdb3481fca89) Importer(815301076,1909f56bfc062723c751e8b465ee728b)
Start importing Assets/POLYGON - FPS free/polygon fps sounds/auge/shoot auge.wav using Guid(56cb0e79f8acccd4086efdb3481fca89) Importer(815301076,1909f56bfc062723c751e8b465ee728b)  -> (artifact id: '2d9f9e3ad3ab87f7346c685bb8b6dec3') in 0.004997 seconds 
Number of updated asset objects reloaded before import = 0
Number of asset objects unloaded after import = 2
========================================================================
Received Import Request.
  Time since last request: 0.008437 seconds.
  path: Assets/POLYGON - FPS free/polygon fps sounds/assault57/shoot assault57.wav
  artifactKey: Guid(eb8db376ee229124799f452cfc6f0833) Importer(815301076,1909f56bfc062723c751e8b465ee728b)
Start importing Assets/POLYGON - FPS free/polygon fps sounds/assault57/shoot assault57.wav using Guid(eb8db376ee229124799f452cfc6f0833) Importer(815301076,1909f56bfc062723c751e8b465ee728b)  -> (artifact id: 'ff1bc8959a4e63aef11c242df1d54388') in 0.005790 seconds 
Number of updated asset objects reloaded before import = 0
Number of asset objects unloaded after import = 2
========================================================================
Received Import Request.
  Time since last request: 0.050050 seconds.
  path: Assets/POLYGON - FPS free/polygon fps sounds/auge/shoot  silence auge.wav
  artifactKey: Guid(ff431a356e3f5214485d58b842347f97) Importer(815301076,1909f56bfc062723c751e8b465ee728b)
Start importing Assets/POLYGON - FPS free/polygon fps sounds/auge/shoot  silence auge.wav using Guid(ff431a356e3f5214485d58b842347f97) Importer(815301076,1909f56bfc062723c751e8b465ee728b)  -> (artifact id: '13723d9cb4d1911e5b8f360a29b06fe4') in 0.005593 seconds 
Number of updated asset objects reloaded before import = 0
Number of asset objects unloaded after import = 2
========================================================================
Received Import Request.
  Time since last request: 0.013475 seconds.
  path: Assets/POLYGON - FPS free/polygon fps sounds/old_pistol/reload unempty old_pistol.wav
  artifactKey: Guid(c41ac9bae478f114baba3ada6c7995ff) Importer(815301076,1909f56bfc062723c751e8b465ee728b)
Start importing Assets/POLYGON - FPS free/polygon fps sounds/old_pistol/reload unempty old_pistol.wav using Guid(c41ac9bae478f114baba3ada6c7995ff) Importer(815301076,1909f56bfc062723c751e8b465ee728b)  -> (artifact id: 'b62481bc5f8c9c25754f982dbf359597') in 0.005088 seconds 
Number of updated asset objects reloaded before import = 0
Number of asset objects unloaded after import = 2
========================================================================
Received Import Request.
  Time since last request: 0.013241 seconds.
  path: Assets/POLYGON - FPS free/polygon fps sounds/legs/run.wav
  artifactKey: Guid(b7d9cf30dc8e9e746b5e396febcc2827) Importer(815301076,1909f56bfc062723c751e8b465ee728b)
Start importing Assets/POLYGON - FPS free/polygon fps sounds/legs/run.wav using Guid(b7d9cf30dc8e9e746b5e396febcc2827) Importer(815301076,1909f56bfc062723c751e8b465ee728b)  -> (artifact id: 'd7d4b257e4bb81116b3d6f9200127123') in 0.005234 seconds 
Number of updated asset objects reloaded before import = 0
Number of asset objects unloaded after import = 2
========================================================================
Received Import Request.
  Time since last request: 0.024856 seconds.
  path: Assets/POLYGON - FPS free/polygon fps sounds/auge/reload unempty auge.wav
  artifactKey: Guid(a669e6e5a406b9440bb982600810104c) Importer(815301076,1909f56bfc062723c751e8b465ee728b)
Start importing Assets/POLYGON - FPS free/polygon fps sounds/auge/reload unempty auge.wav using Guid(a669e6e5a406b9440bb982600810104c) Importer(815301076,1909f56bfc062723c751e8b465ee728b)  -> (artifact id: '345588c35d880a8b8d67b794669b93df') in 0.005601 seconds 
Number of updated asset objects reloaded before import = 0
Number of asset objects unloaded after import = 2
========================================================================
Received Import Request.
  Time since last request: 0.025101 seconds.
  path: Assets/POLYGON - FPS free/polygon fps sounds/assault57/reload unempty assault57.wav
  artifactKey: Guid(2acaed2e9cc9dbd41ad038d82775adfa) Importer(815301076,1909f56bfc062723c751e8b465ee728b)
Start importing Assets/POLYGON - FPS free/polygon fps sounds/assault57/reload unempty assault57.wav using Guid(2acaed2e9cc9dbd41ad038d82775adfa) Importer(815301076,1909f56bfc062723c751e8b465ee728b)  -> (artifact id: '68e2947703ef84ed89b9b6f6a5711567') in 0.017795 seconds 
Number of updated asset objects reloaded before import = 0
Number of asset objects unloaded after import = 2
========================================================================
Received Import Request.
  Time since last request: 0.194131 seconds.
  path: Assets/POLYGON - FPS free/polygon fps sounds/old_pistol/reload empty old_pistol.wav
  artifactKey: Guid(7bd4890c0a65d454081837a75296f049) Importer(815301076,1909f56bfc062723c751e8b465ee728b)
Start importing Assets/POLYGON - FPS free/polygon fps sounds/old_pistol/reload empty old_pistol.wav using Guid(7bd4890c0a65d454081837a75296f049) Importer(815301076,1909f56bfc062723c751e8b465ee728b)  -> (artifact id: '0b652b15f50c614207c927d359de0c40') in 0.007980 seconds 
Number of updated asset objects reloaded before import = 0
Number of asset objects unloaded after import = 2
========================================================================
Received Import Request.
  Time since last request: 0.049951 seconds.
  path: Assets/POLYGON - FPS free/polygon fps sounds/assault57/reload empty assault57.wav
  artifactKey: Guid(c60953862b92d8e4d96e7f4a04670036) Importer(815301076,1909f56bfc062723c751e8b465ee728b)
Start importing Assets/POLYGON - FPS free/polygon fps sounds/assault57/reload empty assault57.wav using Guid(c60953862b92d8e4d96e7f4a04670036) Importer(815301076,1909f56bfc062723c751e8b465ee728b)  -> (artifact id: '607511039a70699a5e1584d3cd1654d4') in 0.004733 seconds 
Number of updated asset objects reloaded before import = 0
Number of asset objects unloaded after import = 2
========================================================================
Received Import Request.
  Time since last request: 0.024578 seconds.
  path: Assets/POLYGON - FPS free/polygon fps sounds/auge/reload empty auge.wav
  artifactKey: Guid(431a0dcd2731fb3489f1bb5a93dd8ec1) Importer(815301076,1909f56bfc062723c751e8b465ee728b)
Start importing Assets/POLYGON - FPS free/polygon fps sounds/auge/reload empty auge.wav using Guid(431a0dcd2731fb3489f1bb5a93dd8ec1) Importer(815301076,1909f56bfc062723c751e8b465ee728b)  -> (artifact id: '25347a403ac9feeabaf8f19bcaa70aee') in 0.005282 seconds 
Number of updated asset objects reloaded before import = 0
Number of asset objects unloaded after import = 2
========================================================================
Received Import Request.
  Time since last request: 0.026536 seconds.
  path: Assets/POLYGON - FPS free/Prefabs/props/prop_sounds/in_move.wav
  artifactKey: Guid(34d755bc2e657a948ae716073379754f) Importer(815301076,1909f56bfc062723c751e8b465ee728b)
Start importing Assets/POLYGON - FPS free/Prefabs/props/prop_sounds/in_move.wav using Guid(34d755bc2e657a948ae716073379754f) Importer(815301076,1909f56bfc062723c751e8b465ee728b)  -> (artifact id: 'aef6f4e3f6847ba7bb8d75f4156802a9') in 0.005344 seconds 
Number of updated asset objects reloaded before import = 0
Number of asset objects unloaded after import = 2
========================================================================
Received Import Request.
  Time since last request: 0.008399 seconds.
  path: Assets/POLYGON - FPS free/killer bunny/AniSound/killer bunny sound.wav
  artifactKey: Guid(5a209c931d1ad624e9f8be18d9e524b4) Importer(815301076,1909f56bfc062723c751e8b465ee728b)
Start importing Assets/POLYGON - FPS free/killer bunny/AniSound/killer bunny sound.wav using Guid(5a209c931d1ad624e9f8be18d9e524b4) Importer(815301076,1909f56bfc062723c751e8b465ee728b)  -> (artifact id: '0990c360d83acee2a6832949a2b8e061') in 0.016582 seconds 
Number of updated asset objects reloaded before import = 0
Number of asset objects unloaded after import = 2
========================================================================
Received Import Request.
  Time since last request: 0.002021 seconds.
  path: Assets/POLYGON - FPS free/polygon fps sounds/hit sounds/hit stone.wav
  artifactKey: Guid(373ebaea07740cd44b402421b591db7b) Importer(815301076,1909f56bfc062723c751e8b465ee728b)
Start importing Assets/POLYGON - FPS free/polygon fps sounds/hit sounds/hit stone.wav using Guid(373ebaea07740cd44b402421b591db7b) Importer(815301076,1909f56bfc062723c751e8b465ee728b)  -> (artifact id: '8bded38bd4d74ee56dfe2cc2c62baa32') in 0.004766 seconds 
Number of updated asset objects reloaded before import = 0
Number of asset objects unloaded after import = 2
========================================================================
Received Import Request.
  Time since last request: 0.014017 seconds.
  path: Assets/POLYGON - FPS free/polygon fps sounds/hit sounds/hit wood.wav
  artifactKey: Guid(2e8d375b2b5e8114ab69e376b693722f) Importer(815301076,1909f56bfc062723c751e8b465ee728b)
Start importing Assets/POLYGON - FPS free/polygon fps sounds/hit sounds/hit wood.wav using Guid(2e8d375b2b5e8114ab69e376b693722f) Importer(815301076,1909f56bfc062723c751e8b465ee728b)  -> (artifact id: 'f85de1e7a71fbedbddf2bea4fa10b9e5') in 0.005767 seconds 
Number of updated asset objects reloaded before import = 0
Number of asset objects unloaded after import = 2
========================================================================
Received Import Request.
  Time since last request: 0.973560 seconds.
  path: Assets/POLYGON - FPS free/polygon fps sounds/hit sounds/hit metal.wav
  artifactKey: Guid(96d04112ba52cc34abc533bd0d4fde54) Importer(815301076,1909f56bfc062723c751e8b465ee728b)
Start importing Assets/POLYGON - FPS free/polygon fps sounds/hit sounds/hit metal.wav using Guid(96d04112ba52cc34abc533bd0d4fde54) Importer(815301076,1909f56bfc062723c751e8b465ee728b)  -> (artifact id: '759a48a63eff108bcbc53dc3c5fcce18') in 0.005379 seconds 
Number of updated asset objects reloaded before import = 0
Number of asset objects unloaded after import = 2
========================================================================
Received Import Request.
  Time since last request: 0.045440 seconds.
  path: Assets/POLYGON - FPS free/polygon fps sounds/hit sounds/hit glass.wav
  artifactKey: Guid(4604c42b48488db4d97388192703b532) Importer(815301076,1909f56bfc062723c751e8b465ee728b)
Start importing Assets/POLYGON - FPS free/polygon fps sounds/hit sounds/hit glass.wav using Guid(4604c42b48488db4d97388192703b532) Importer(815301076,1909f56bfc062723c751e8b465ee728b)  -> (artifact id: '9c0f7befd97b5436d91e3e298ded016f') in 0.010615 seconds 
Number of updated asset objects reloaded before import = 0
Number of asset objects unloaded after import = 2
========================================================================
Received Import Request.
  Time since last request: 0.058051 seconds.
  path: Assets/POLYGON - FPS free/killer bunny/AniSound/head_destroy_bunny.wav
  artifactKey: Guid(3861f9d96bb549a4f91bea4d6f9dcdaa) Importer(815301076,1909f56bfc062723c751e8b465ee728b)
Start importing Assets/POLYGON - FPS free/killer bunny/AniSound/head_destroy_bunny.wav using Guid(3861f9d96bb549a4f91bea4d6f9dcdaa) Importer(815301076,1909f56bfc062723c751e8b465ee728b)  -> (artifact id: 'c34b75e75fbff6529c45746b98d70d99') in 0.004768 seconds 
Number of updated asset objects reloaded before import = 0
Number of asset objects unloaded after import = 2
========================================================================
Received Import Request.
  Time since last request: 0.033325 seconds.
  path: Assets/POLYGON - FPS free/polygon fps sounds/hit sounds/hit flesh.wav
  artifactKey: Guid(c5d4042343853344f9f5e71ecf7d6e3c) Importer(815301076,1909f56bfc062723c751e8b465ee728b)
Start importing Assets/POLYGON - FPS free/polygon fps sounds/hit sounds/hit flesh.wav using Guid(c5d4042343853344f9f5e71ecf7d6e3c) Importer(815301076,1909f56bfc062723c751e8b465ee728b)  -> (artifact id: 'bdecf22fea6670d84640c9ebc1de4cf5') in 0.006532 seconds 
Number of updated asset objects reloaded before import = 0
Number of asset objects unloaded after import = 2
========================================================================
Received Import Request.
  Time since last request: 0.029037 seconds.
  path: Assets/POLYGON - FPS free/polygon fps sounds/axe/axe_swing.wav
  artifactKey: Guid(60a5d21ee18b20449b6858c5f81adc8e) Importer(815301076,1909f56bfc062723c751e8b465ee728b)
Start importing Assets/POLYGON - FPS free/polygon fps sounds/axe/axe_swing.wav using Guid(60a5d21ee18b20449b6858c5f81adc8e) Importer(815301076,1909f56bfc062723c751e8b465ee728b)  -> (artifact id: 'fe6ff1281f64d40356a8013a740d01dd') in 0.005372 seconds 
Number of updated asset objects reloaded before import = 0
Number of asset objects unloaded after import = 2
========================================================================
Received Import Request.
  Time since last request: 0.000013 seconds.
  path: Assets/POLYGON - FPS free/Prefabs/props/prop_sounds/break_wood.wav
  artifactKey: Guid(771fedac3083cba45a80f5b473d8e2e7) Importer(815301076,1909f56bfc062723c751e8b465ee728b)
Start importing Assets/POLYGON - FPS free/Prefabs/props/prop_sounds/break_wood.wav using Guid(771fedac3083cba45a80f5b473d8e2e7) Importer(815301076,1909f56bfc062723c751e8b465ee728b)  -> (artifact id: 'e807f8bb3b2447d2f6994fe277f06b0f') in 0.005552 seconds 
Number of updated asset objects reloaded before import = 0
Number of asset objects unloaded after import = 2
========================================================================
Received Import Request.
  Time since last request: 64.474287 seconds.
  path: Assets/JMO Assets/WarFX/_Effects/MuzzleFlashes/FPS/WFX_MF FPS RIFLE1.prefab
  artifactKey: Guid(30b4cc2728d8cec499fad63ba93785a4) Importer(815301076,1909f56bfc062723c751e8b465ee728b)
Start importing Assets/JMO Assets/WarFX/_Effects/MuzzleFlashes/FPS/WFX_MF FPS RIFLE1.prefab using Guid(30b4cc2728d8cec499fad63ba93785a4) Importer(815301076,1909f56bfc062723c751e8b465ee728b)  -> (artifact id: 'e82cdaeb5dc4bc2388101a06f5ad5aaf') in 0.279438 seconds 
Number of updated asset objects reloaded before import = 0
Number of asset objects unloaded after import = 25
========================================================================
Received Import Request.
  Time since last request: 0.000017 seconds.
  path: Assets/JMO Assets/WarFX/_Effects/MuzzleFlashes/FPS/WFX_MF FPS RIFLE3.prefab
  artifactKey: Guid(8eaaa4f553116f44b8459bc24201c514) Importer(815301076,1909f56bfc062723c751e8b465ee728b)
Start importing Assets/JMO Assets/WarFX/_Effects/MuzzleFlashes/FPS/WFX_MF FPS RIFLE3.prefab using Guid(8eaaa4f553116f44b8459bc24201c514) Importer(815301076,1909f56bfc062723c751e8b465ee728b)  -> (artifact id: '40dfdeb434246fb0aefb69a380260b3b') in 0.057501 seconds 
Number of updated asset objects reloaded before import = 0
Number of asset objects unloaded after import = 26
========================================================================
Received Prepare
Begin MonoManager ReloadAssembly
Symbol file LoadedFromMemory doesn't match image D:\Game jame\Проекты\Riza Denrtou\Library\PackageCache\com.unity.visualscripting@1.8.0\Editor\VisualScripting.Core\Dependencies\YamlDotNet\Unity.VisualScripting.YamlDotNet.dll
Symbol file LoadedFromMemory doesn't match image D:\Game jame\Проекты\Riza Denrtou\Library\PackageCache\com.unity.visualscripting@1.8.0\Editor\VisualScripting.Core\Dependencies\DotNetZip\Unity.VisualScripting.IonicZip.dll
- Loaded All Assemblies, in  0.752 seconds
Refreshing native plugins compatible for Editor in 2.21 ms, found 3 plugins.
Native extension for WindowsStandalone target not found
Mono: successfully reloaded assembly
- Finished resetting the current domain, in  0.811 seconds
Domain Reload Profiling:
	ReloadAssembly (216ms)
		BeginReloadAssembly (147ms)
			ExecutionOrderSort (0ms)
			DisableScriptedObjects (4ms)
			BackupInstance (0ms)
			ReleaseScriptingObjects (0ms)
			CreateAndSetChildDomain (39ms)
		LoadAllAssembliesAndSetupDomain (537ms)
			LoadAssemblies (224ms)
			RebuildTransferFunctionScriptingTraits (0ms)
			SetupTypeCache (386ms)
				TypeCache.Initialize (272ms)
					TypeCache.ScanAssembly (265ms)
				ResolveRequiredComponents (5ms)
		FinalizeReload (0ms)
			ReleaseScriptCaches (0ms)
			RebuildScriptCaches (0ms)
			SetupLoadedEditorAssemblies (334ms)
				LogAssemblyErrors (0ms)
				InitializePlatformSupportModulesInManaged (4ms)
				SetLoadedEditorAssemblies (3ms)
				RefreshPlugins (0ms)
				BeforeProcessingInitializeOnLoad (51ms)
				ProcessInitializeOnLoadAttributes (252ms)
				ProcessInitializeOnLoadMethodAttributes (21ms)
				AfterProcessingInitializeOnLoad (2ms)
				EditorAssembliesLoaded (0ms)
			ExecutionOrderSort2 (0ms)
			AwakeInstancesAfterBackupRestoration (12ms)
Shader 'WFX/Transparent Diffuse': fallback shader 'Particles/Alpha Blended' not found
Shader 'WFX/Transparent Specular': fallback shader 'Particles/Alpha Blended' not found
Refreshing native plugins compatible for Editor in 3.14 ms, found 3 plugins.
Preloading 0 native plugins for Editor in 0.00 ms.
Unloading 3611 Unused Serialized files (Serialized files now loaded: 0)
Unloading 31 unused Assets / (1.3 MB). Loaded Objects now: 4144.
Memory consumption went from 0.56 GB to 0.56 GB.
Total: 4.095800 ms (FindLiveObjects: 0.535000 ms CreateObjectMapping: 0.306400 ms MarkObjects: 2.948300 ms  DeleteObjects: 0.305000 ms)

Prepare: number of updated asset objects reloaded= 0
AssetImportParameters requested are different than current active one (requested -> active):
  custom:container-demuxer-ogg: 62fdf1f143b41e24485cea50d1cbac27 -> 
  custom:video-decoder-ogg-theora: a1e56fd34408186e4bbccfd4996cb3dc -> 
  custom:framework-win-MediaFoundation: 216162199b28c13a410421893ffa2e32 -> 
  custom:container-demuxer-webm: 4f35f7cbe854078d1ac9338744f61a02 -> 
  custom:container-muxer-webm: aa71ff27fc2769a1b78a27578f13a17b -> 
  custom:video-decoder-webm-vp8: 9c59270c3fd7afecdb556c50c9e8de78 -> 
  custom:AudioImporter_EditorPlatform: d09bf68614088b80899f8185d706f6e7 -> 
  custom:video-encoder-webm-vp8: eb34c28f22e8b96e1ab97ce403110664 -> 
  custom:audio-decoder-ogg-vorbis: bf7c407c2cedff20999df2af8eb42d56 -> 
  custom:audio-encoder-webm-vorbis: bf7c407c2cedff20999df2af8eb42d56 -> 
========================================================================
Received Import Request.
  Time since last request: 53.796483 seconds.
  path: Assets/JMO Assets/WarFX/_Effects/Smoke/WFX_SmokeGrenade Additive.prefab
  artifactKey: Guid(4ecfa3d3919108f4fbff80d1c4d920a1) Importer(815301076,1909f56bfc062723c751e8b465ee728b)
Start importing Assets/JMO Assets/WarFX/_Effects/Smoke/WFX_SmokeGrenade Additive.prefab using Guid(4ecfa3d3919108f4fbff80d1c4d920a1) Importer(815301076,1909f56bfc062723c751e8b465ee728b)  -> (artifact id: '52a39335a84ea3fe4aefa4e261060c3c') in 0.170056 seconds 
Number of updated asset objects reloaded before import = 0
Number of asset objects unloaded after import = 13
========================================================================
Received Import Request.
  Time since last request: 0.000014 seconds.
  path: Assets/JMO Assets/WarFX/_Effects/Smoke/WFX_SmokeGrenade AlphaBlend Gray.prefab
  artifactKey: Guid(e37de961c0fe47b439a8a7c1c1b6213d) Importer(815301076,1909f56bfc062723c751e8b465ee728b)
Start importing Assets/JMO Assets/WarFX/_Effects/Smoke/WFX_SmokeGrenade AlphaBlend Gray.prefab using Guid(e37de961c0fe47b439a8a7c1c1b6213d) Importer(815301076,1909f56bfc062723c751e8b465ee728b)  -> (artifact id: '50ac7f2bada0ad4ed696a59da9ede1ba') in 0.117831 seconds 
Number of updated asset objects reloaded before import = 0
Number of asset objects unloaded after import = 14
========================================================================
Received Import Request.
  Time since last request: 0.000019 seconds.
  path: Assets/JMO Assets/WarFX/_Effects/Smoke/WFX_SmokeGrenade Black.prefab
  artifactKey: Guid(6a3cb4ac8fa12944ba1233cbec0e9c69) Importer(815301076,1909f56bfc062723c751e8b465ee728b)
Start importing Assets/JMO Assets/WarFX/_Effects/Smoke/WFX_SmokeGrenade Black.prefab using Guid(6a3cb4ac8fa12944ba1233cbec0e9c69) Importer(815301076,1909f56bfc062723c751e8b465ee728b)  -> (artifact id: '5f8fad1219c1fe7f6419bac137757f5a') in 0.007820 seconds 
Number of updated asset objects reloaded before import = 0
Number of asset objects unloaded after import = 14
========================================================================
Received Import Request.
  Time since last request: 0.053633 seconds.
  path: Assets/JMO Assets/WarFX/_Effects/Smoke/WFX_SmokeGrenade White.prefab
  artifactKey: Guid(b7a5dd96bb4187348909e660f427221b) Importer(815301076,1909f56bfc062723c751e8b465ee728b)
Start importing Assets/JMO Assets/WarFX/_Effects/Smoke/WFX_SmokeGrenade White.prefab using Guid(b7a5dd96bb4187348909e660f427221b) Importer(815301076,1909f56bfc062723c751e8b465ee728b)  -> (artifact id: '379b31875afbbe11246681c8b1803500') in 0.008268 seconds 
Number of updated asset objects reloaded before import = 0
Number of asset objects unloaded after import = 14
========================================================================
Received Prepare
Begin MonoManager ReloadAssembly
Symbol file LoadedFromMemory doesn't match image D:\Game jame\Проекты\Riza Denrtou\Library\PackageCache\com.unity.visualscripting@1.8.0\Editor\VisualScripting.Core\Dependencies\YamlDotNet\Unity.VisualScripting.YamlDotNet.dll
Symbol file LoadedFromMemory doesn't match image D:\Game jame\Проекты\Riza Denrtou\Library\PackageCache\com.unity.visualscripting@1.8.0\Editor\VisualScripting.Core\Dependencies\DotNetZip\Unity.VisualScripting.IonicZip.dll
- Loaded All Assemblies, in  0.857 seconds
Refreshing native plugins compatible for Editor in 2.81 ms, found 3 plugins.
Native extension for WindowsStandalone target not found
Mono: successfully reloaded assembly
- Finished resetting the current domain, in  0.867 seconds
Domain Reload Profiling:
	ReloadAssembly (249ms)
		BeginReloadAssembly (163ms)
			ExecutionOrderSort (0ms)
			DisableScriptedObjects (4ms)
			BackupInstance (0ms)
			ReleaseScriptingObjects (0ms)
			CreateAndSetChildDomain (42ms)
		LoadAllAssembliesAndSetupDomain (607ms)
			LoadAssemblies (253ms)
			RebuildTransferFunctionScriptingTraits (0ms)
			SetupTypeCache (440ms)
				TypeCache.Initialize (293ms)
					TypeCache.ScanAssembly (287ms)
				ResolveRequiredComponents (6ms)
		FinalizeReload (0ms)
			ReleaseScriptCaches (0ms)
			RebuildScriptCaches (0ms)
			SetupLoadedEditorAssemblies (354ms)
				LogAssemblyErrors (0ms)
				InitializePlatformSupportModulesInManaged (7ms)
				SetLoadedEditorAssemblies (6ms)
				RefreshPlugins (0ms)
				BeforeProcessingInitializeOnLoad (59ms)
				ProcessInitializeOnLoadAttributes (257ms)
				ProcessInitializeOnLoadMethodAttributes (23ms)
				AfterProcessingInitializeOnLoad (3ms)
				EditorAssembliesLoaded (0ms)
			ExecutionOrderSort2 (0ms)
			AwakeInstancesAfterBackupRestoration (12ms)
Shader 'WFX/Transparent Diffuse': fallback shader 'Particles/Alpha Blended' not found
Shader 'WFX/Transparent Specular': fallback shader 'Particles/Alpha Blended' not found
Refreshing native plugins compatible for Editor in 2.15 ms, found 3 plugins.
Preloading 0 native plugins for Editor in 0.00 ms.
Unloading 3611 Unused Serialized files (Serialized files now loaded: 0)
Unloading 31 unused Assets / (1.3 MB). Loaded Objects now: 4148.
Memory consumption went from 0.56 GB to 0.56 GB.
Total: 3.405500 ms (FindLiveObjects: 0.302600 ms CreateObjectMapping: 0.243900 ms MarkObjects: 2.598800 ms  DeleteObjects: 0.259500 ms)

Prepare: number of updated asset objects reloaded= 0
AssetImportParameters requested are different than current active one (requested -> active):
  custom:container-demuxer-ogg: 62fdf1f143b41e24485cea50d1cbac27 -> 
  custom:video-decoder-ogg-theora: a1e56fd34408186e4bbccfd4996cb3dc -> 
  custom:framework-win-MediaFoundation: 216162199b28c13a410421893ffa2e32 -> 
  custom:container-demuxer-webm: 4f35f7cbe854078d1ac9338744f61a02 -> 
  custom:container-muxer-webm: aa71ff27fc2769a1b78a27578f13a17b -> 
  custom:video-decoder-webm-vp8: 9c59270c3fd7afecdb556c50c9e8de78 -> 
  custom:AudioImporter_EditorPlatform: d09bf68614088b80899f8185d706f6e7 -> 
  custom:video-encoder-webm-vp8: eb34c28f22e8b96e1ab97ce403110664 -> 
  custom:audio-decoder-ogg-vorbis: bf7c407c2cedff20999df2af8eb42d56 -> 
  custom:audio-encoder-webm-vorbis: bf7c407c2cedff20999df2af8eb42d56 -> 
========================================================================
Received Import Request.
  Time since last request: 25.141434 seconds.
  path: Assets/JMO Assets/WarFX/_Effects/Smoke/Color Variants/WFX_SmokeGrenade AlphaBlend Blue.prefab
  artifactKey: Guid(bc0b2f96facec664db900c70be366a48) Importer(815301076,1909f56bfc062723c751e8b465ee728b)
Start importing Assets/JMO Assets/WarFX/_Effects/Smoke/Color Variants/WFX_SmokeGrenade AlphaBlend Blue.prefab using Guid(bc0b2f96facec664db900c70be366a48) Importer(815301076,1909f56bfc062723c751e8b465ee728b)  -> (artifact id: '3d660eb6a137300cbcfc338557b0b5c2') in 0.057988 seconds 
Number of updated asset objects reloaded before import = 0
Number of asset objects unloaded after import = 14
========================================================================
Received Import Request.
  Time since last request: 0.000014 seconds.
  path: Assets/JMO Assets/WarFX/_Effects/Smoke/Color Variants/WFX_SmokeGrenade AlphaBlend Purple.prefab
  artifactKey: Guid(7cde0416639579a4787e7142ede5fd5f) Importer(815301076,1909f56bfc062723c751e8b465ee728b)
Start importing Assets/JMO Assets/WarFX/_Effects/Smoke/Color Variants/WFX_SmokeGrenade AlphaBlend Purple.prefab using Guid(7cde0416639579a4787e7142ede5fd5f) Importer(815301076,1909f56bfc062723c751e8b465ee728b)  -> (artifact id: '913a00350bb46d24ccaca25961226dc6') in 0.007592 seconds 
Number of updated asset objects reloaded before import = 0
Number of asset objects unloaded after import = 14
========================================================================
Received Import Request.
  Time since last request: 0.024409 seconds.
  path: Assets/JMO Assets/WarFX/_Effects/Smoke/Color Variants/WFX_SmokeGrenade Blue.prefab
  artifactKey: Guid(fea95a8674a12ca469d953eefadb847c) Importer(815301076,1909f56bfc062723c751e8b465ee728b)
Start importing Assets/JMO Assets/WarFX/_Effects/Smoke/Color Variants/WFX_SmokeGrenade Blue.prefab using Guid(fea95a8674a12ca469d953eefadb847c) Importer(815301076,1909f56bfc062723c751e8b465ee728b)  -> (artifact id: '5d12fbd498460e5bc19078cce72730d6') in 0.007211 seconds 
Number of updated asset objects reloaded before import = 0
Number of asset objects unloaded after import = 15
========================================================================
Received Import Request.
  Time since last request: 0.020777 seconds.
  path: Assets/JMO Assets/WarFX/_Effects/Smoke/Color Variants/WFX_SmokeGrenade Green.prefab
  artifactKey: Guid(298ea2e9f387a124d9ee2b3ac6bb3a23) Importer(815301076,1909f56bfc062723c751e8b465ee728b)
Start importing Assets/JMO Assets/WarFX/_Effects/Smoke/Color Variants/WFX_SmokeGrenade Green.prefab using Guid(298ea2e9f387a124d9ee2b3ac6bb3a23) Importer(815301076,1909f56bfc062723c751e8b465ee728b)  -> (artifact id: '436a077e302dd1427b465c2e325730b4') in 0.015394 seconds 
Number of updated asset objects reloaded before import = 0
Number of asset objects unloaded after import = 15
========================================================================
Received Import Request.
  Time since last request: 0.006959 seconds.
  path: Assets/JMO Assets/WarFX/_Effects/Smoke/Color Variants/WFX_SmokeGrenade Red.prefab
  artifactKey: Guid(6bd48b8ad8246424db56d2beee2f8611) Importer(815301076,1909f56bfc062723c751e8b465ee728b)
Start importing Assets/JMO Assets/WarFX/_Effects/Smoke/Color Variants/WFX_SmokeGrenade Red.prefab using Guid(6bd48b8ad8246424db56d2beee2f8611) Importer(815301076,1909f56bfc062723c751e8b465ee728b)  -> (artifact id: '2818439a4ec0e180e21ee3b9f59c63eb') in 0.006799 seconds 
Number of updated asset objects reloaded before import = 0
Number of asset objects unloaded after import = 15
========================================================================
Received Import Request.
  Time since last request: 0.011169 seconds.
  path: Assets/JMO Assets/WarFX/_Effects/Smoke/Color Variants/WFX_SmokeGrenade Yellow.prefab
  artifactKey: Guid(8fd015f45a4199b46b12ba97a1f574c4) Importer(815301076,1909f56bfc062723c751e8b465ee728b)
Start importing Assets/JMO Assets/WarFX/_Effects/Smoke/Color Variants/WFX_SmokeGrenade Yellow.prefab using Guid(8fd015f45a4199b46b12ba97a1f574c4) Importer(815301076,1909f56bfc062723c751e8b465ee728b)  -> (artifact id: '2259f6a0ba3d5a84bec7d8d6313ad6f6') in 0.008243 seconds 
Number of updated asset objects reloaded before import = 0
Number of asset objects unloaded after import = 15
========================================================================
Received Import Request.
  Time since last request: 26.078411 seconds.
  path: Assets/JMO Assets/WarFX/_Effects (Mobile)/Fire/WFXMR_FlameThrower.prefab
  artifactKey: Guid(9c996ecef5f837e4488f8fa3849e4552) Importer(815301076,1909f56bfc062723c751e8b465ee728b)
Start importing Assets/JMO Assets/WarFX/_Effects (Mobile)/Fire/WFXMR_FlameThrower.prefab using Guid(9c996ecef5f837e4488f8fa3849e4552) Importer(815301076,1909f56bfc062723c751e8b465ee728b)  -> (artifact id: '7c01f56ae26e005308bea6af944e93a6') in 0.144571 seconds 
Number of updated asset objects reloaded before import = 0
Number of asset objects unloaded after import = 15
========================================================================
Received Import Request.
  Time since last request: 0.000016 seconds.
  path: Assets/JMO Assets/WarFX/_Effects (Mobile)/Fire/WFXMR_FlameThrower Big Alt.prefab
  artifactKey: Guid(e8fb3f256cf9d9e439bd069f42a5a246) Importer(815301076,1909f56bfc062723c751e8b465ee728b)
Start importing Assets/JMO Assets/WarFX/_Effects (Mobile)/Fire/WFXMR_FlameThrower Big Alt.prefab using Guid(e8fb3f256cf9d9e439bd069f42a5a246) Importer(815301076,1909f56bfc062723c751e8b465ee728b)  -> (artifact id: 'adf4b7a3cc07dbcd9f6d3c774ba27a05') in 0.078050 seconds 
Number of updated asset objects reloaded before import = 0
Number of asset objects unloaded after import = 21
========================================================================
Received Import Request.
  Time since last request: 0.005992 seconds.
  path: Assets/JMO Assets/WarFX/_Effects (Mobile)/Fire/WFXMR_FlameThrower Big Looped.prefab
  artifactKey: Guid(3631e3c99d52b594097c09278c60f5cf) Importer(815301076,1909f56bfc062723c751e8b465ee728b)
Start importing Assets/JMO Assets/WarFX/_Effects (Mobile)/Fire/WFXMR_FlameThrower Big Looped.prefab using Guid(3631e3c99d52b594097c09278c60f5cf) Importer(815301076,1909f56bfc062723c751e8b465ee728b)  -> (artifact id: 'b3fe719117c3375b9e77bf13acc34212') in 0.006306 seconds 
Number of updated asset objects reloaded before import = 0
Number of asset objects unloaded after import = 15
========================================================================
Received Import Request.
  Time since last request: 0.037503 seconds.
  path: Assets/JMO Assets/WarFX/_Effects (Mobile)/Fire/WFXMR_FlameThrower Looped.prefab
  artifactKey: Guid(9debd342863be9747b5a48c343184a31) Importer(815301076,1909f56bfc062723c751e8b465ee728b)
Start importing Assets/JMO Assets/WarFX/_Effects (Mobile)/Fire/WFXMR_FlameThrower Looped.prefab using Guid(9debd342863be9747b5a48c343184a31) Importer(815301076,1909f56bfc062723c751e8b465ee728b)  -> (artifact id: 'b7b46cfdc0ffa5aa54b2b54fee73e931') in 0.007832 seconds 
Number of updated asset objects reloaded before import = 0
Number of asset objects unloaded after import = 15
========================================================================
Received Import Request.
  Time since last request: 0.011389 seconds.
  path: Assets/JMO Assets/WarFX/_Effects (Mobile)/Fire/WFXMR_GazFireBig (Blue).prefab
  artifactKey: Guid(55700a754af55ac429f02417b245ae86) Importer(815301076,1909f56bfc062723c751e8b465ee728b)
Start importing Assets/JMO Assets/WarFX/_Effects (Mobile)/Fire/WFXMR_GazFireBig (Blue).prefab using Guid(55700a754af55ac429f02417b245ae86) Importer(815301076,1909f56bfc062723c751e8b465ee728b)  -> (artifact id: '7f4b7ab2d5148bdd13559a06839a9cb0') in 0.059584 seconds 
Number of updated asset objects reloaded before import = 0
Number of asset objects unloaded after import = 21
========================================================================
Received Import Request.
  Time since last request: 0.000019 seconds.
  path: Assets/JMO Assets/WarFX/_Effects (Mobile)/Fire/WFXMR_GazFireBig (Purple).prefab
  artifactKey: Guid(99912b6bbb720824baca3259bb8d7b33) Importer(815301076,1909f56bfc062723c751e8b465ee728b)
Start importing Assets/JMO Assets/WarFX/_Effects (Mobile)/Fire/WFXMR_GazFireBig (Purple).prefab using Guid(99912b6bbb720824baca3259bb8d7b33) Importer(815301076,1909f56bfc062723c751e8b465ee728b)  -> (artifact id: '41c801ec71d9eda32d8564ee811edc5c') in 0.008177 seconds 
Number of updated asset objects reloaded before import = 0
Number of asset objects unloaded after import = 21
========================================================================
Received Import Request.
  Time since last request: 108.021240 seconds.
  path: Assets/JMO Assets/WarFX/_Effects (Mobile)/Bullet Impacts/WFXMR_BImpact Concrete.prefab
  artifactKey: Guid(556d09d7fda29fd4185eed4067d5777b) Importer(815301076,1909f56bfc062723c751e8b465ee728b)
Start importing Assets/JMO Assets/WarFX/_Effects (Mobile)/Bullet Impacts/WFXMR_BImpact Concrete.prefab using Guid(556d09d7fda29fd4185eed4067d5777b) Importer(815301076,1909f56bfc062723c751e8b465ee728b)  -> (artifact id: 'b5088613363909d32ab0649190526c6f') in 0.114212 seconds 
Number of updated asset objects reloaded before import = 0
Number of asset objects unloaded after import = 19
========================================================================
Received Import Request.
  Time since last request: 0.084590 seconds.
  path: Assets/JMO Assets/WarFX/_Effects (Mobile)/Bullet Impacts/WFXMR_BImpact Metal.prefab
  artifactKey: Guid(e74af37e539075d428c1f7bd8cdb781d) Importer(815301076,1909f56bfc062723c751e8b465ee728b)
Start importing Assets/JMO Assets/WarFX/_Effects (Mobile)/Bullet Impacts/WFXMR_BImpact Metal.prefab using Guid(e74af37e539075d428c1f7bd8cdb781d) Importer(815301076,1909f56bfc062723c751e8b465ee728b)  -> (artifact id: '1c53e90d36e4c9d0357ecd171cbc5436') in 0.116590 seconds 
Number of updated asset objects reloaded before import = 0
Number of asset objects unloaded after import = 15
========================================================================
Received Import Request.
  Time since last request: 593.180866 seconds.
  path: Assets/ToonyTinyPeople/TT_soldiers_Demo/model/TT_Soldiers_Demo.FBX
  artifactKey: Guid(7b36a186c6950424394704a9292a7114) Importer(815301076,1909f56bfc062723c751e8b465ee728b)
Start importing Assets/ToonyTinyPeople/TT_soldiers_Demo/model/TT_Soldiers_Demo.FBX using Guid(7b36a186c6950424394704a9292a7114) Importer(815301076,1909f56bfc062723c751e8b465ee728b)  -> (artifact id: '71a4d9493dee99ff4f5934b7eaacdbe8') in 0.068381 seconds 
Number of updated asset objects reloaded before import = 0
Number of asset objects unloaded after import = 68
========================================================================
Received Import Request.
  Time since last request: 10.196753 seconds.
  path: Assets/ToonyTinyPeople/TT_soldiers_Demo/prefab/TT_Soldiers_Demo.prefab
  artifactKey: Guid(5bf81c1e7c3fa764c9ad1ad61f333094) Importer(815301076,1909f56bfc062723c751e8b465ee728b)
Start importing Assets/ToonyTinyPeople/TT_soldiers_Demo/prefab/TT_Soldiers_Demo.prefab using Guid(5bf81c1e7c3fa764c9ad1ad61f333094) Importer(815301076,1909f56bfc062723c751e8b465ee728b)  -> (artifact id: '2f5ce32479a73432541b5ae1d63b5460') in 0.126335 seconds 
Internal: There are remaining Allocations on the JobTempAlloc. This is a leak, and will impact performance
To Debug, run app with -diag-job-temp-memory-leak-validation cmd line argument. This will output the callstacks of the leaked allocations.
Number of updated asset objects reloaded before import = 0
Number of asset objects unloaded after import = 74
========================================================================
Received Import Request.
  Time since last request: 337.817163 seconds.
  path: ProjectSettings/TagManager.asset
  artifactKey: Guid(00000000000000003000000000000000) Importer(815301076,1909f56bfc062723c751e8b465ee728b)
Start importing ProjectSettings/TagManager.asset using Guid(00000000000000003000000000000000) Importer(815301076,1909f56bfc062723c751e8b465ee728b)  -> (artifact id: 'c8b40b461ea841cbfcf851463415f671') in 0.001243 seconds 
Internal: There are remaining Allocations on the JobTempAlloc. This is a leak, and will impact performance
To Debug, run app with -diag-job-temp-memory-leak-validation cmd line argument. This will output the callstacks of the leaked allocations.
Number of updated asset objects reloaded before import = 0
Number of asset objects unloaded after import = 0
========================================================================
Received Import Request.
  Time since last request: 501.310577 seconds.
  path: Assets
  artifactKey: Guid(00000000000000001000000000000000) Importer(815301076,1909f56bfc062723c751e8b465ee728b)
Start importing Assets using Guid(00000000000000001000000000000000) Importer(815301076,1909f56bfc062723c751e8b465ee728b)  -> (artifact id: '8a4fe85251aa2e89732c359432baa2c3') in 0.000763 seconds 
Internal: There are remaining Allocations on the JobTempAlloc. This is a leak, and will impact performance
To Debug, run app with -diag-job-temp-memory-leak-validation cmd line argument. This will output the callstacks of the leaked allocations.
Number of updated asset objects reloaded before import = 0
Number of asset objects unloaded after import = 0
========================================================================
Received Import Request.
  Time since last request: 20.217039 seconds.
  path: Assets/Enemyconto.controller
  artifactKey: Guid(35e982d9ae004bc48a69aecaf11e24c4) Importer(815301076,1909f56bfc062723c751e8b465ee728b)
Start importing Assets/Enemyconto.controller using Guid(35e982d9ae004bc48a69aecaf11e24c4) Importer(815301076,1909f56bfc062723c751e8b465ee728b)  -> (artifact id: 'aba6c644eb77186204dcba25f6d2ad15') in 0.001431 seconds 
Internal: There are remaining Allocations on the JobTempAlloc. This is a leak, and will impact performance
To Debug, run app with -diag-job-temp-memory-leak-validation cmd line argument. This will output the callstacks of the leaked allocations.
Number of updated asset objects reloaded before import = 0
Number of asset objects unloaded after import = 1
========================================================================
Received Import Request.
  Time since last request: 27.163923 seconds.
  path: Assets/EnemyController.controller
  artifactKey: Guid(35e982d9ae004bc48a69aecaf11e24c4) Importer(815301076,1909f56bfc062723c751e8b465ee728b)
Start importing Assets/EnemyController.controller using Guid(35e982d9ae004bc48a69aecaf11e24c4) Importer(815301076,1909f56bfc062723c751e8b465ee728b)  -> (artifact id: '3a7922b4b0ca139cfb5a83a182aaa115') in 0.001092 seconds 
Internal: There are remaining Allocations on the JobTempAlloc. This is a leak, and will impact performance
To Debug, run app with -diag-job-temp-memory-leak-validation cmd line argument. This will output the callstacks of the leaked allocations.
Number of updated asset objects reloaded before import = 0
Number of asset objects unloaded after import = 2
========================================================================
Received Import Request.
  Time since last request: 43.005371 seconds.
  path: Assets/ToonyTinyPeople/TT_soldiers_Demo
  artifactKey: Guid(185881ba4100d8a4faa8fbfaa98754e5) Importer(815301076,1909f56bfc062723c751e8b465ee728b)
Start importing Assets/ToonyTinyPeople/TT_soldiers_Demo using Guid(185881ba4100d8a4faa8fbfaa98754e5) Importer(815301076,1909f56bfc062723c751e8b465ee728b)  -> (artifact id: '190effb2981a841f8e43b35c6e3eb83d') in 0.000394 seconds 
Internal: There are remaining Allocations on the JobTempAlloc. This is a leak, and will impact performance
To Debug, run app with -diag-job-temp-memory-leak-validation cmd line argument. This will output the callstacks of the leaked allocations.
Number of updated asset objects reloaded before import = 0
Number of asset objects unloaded after import = 0
========================================================================
Received Import Request.
  Time since last request: 0.667891 seconds.
  path: Assets/ToonyTinyPeople/TT_soldiers_Demo/animation
  artifactKey: Guid(0ea352ffa70bbfb46993c5a4df00d6d2) Importer(815301076,1909f56bfc062723c751e8b465ee728b)
Start importing Assets/ToonyTinyPeople/TT_soldiers_Demo/animation using Guid(0ea352ffa70bbfb46993c5a4df00d6d2) Importer(815301076,1909f56bfc062723c751e8b465ee728b)  -> (artifact id: 'ee962b9a09732042fe0cd0f17d5f04ee') in 0.000682 seconds 
Internal: There are remaining Allocations on the JobTempAlloc. This is a leak, and will impact performance
To Debug, run app with -diag-job-temp-memory-leak-validation cmd line argument. This will output the callstacks of the leaked allocations.
Number of updated asset objects reloaded before import = 0
Number of asset objects unloaded after import = 0
========================================================================
Received Import Request.
  Time since last request: 0.064668 seconds.
  path: Assets/ToonyTinyPeople/TT_soldiers_Demo/animation/m_weapon_idle_A.FBX
  artifactKey: Guid(f76657dd6f742dd4087218090ad1148c) Importer(815301076,1909f56bfc062723c751e8b465ee728b)
Start importing Assets/ToonyTinyPeople/TT_soldiers_Demo/animation/m_weapon_idle_A.FBX using Guid(f76657dd6f742dd4087218090ad1148c) Importer(815301076,1909f56bfc062723c751e8b465ee728b)  -> (artifact id: '45aa7ea39893049330a5b463e1a4fe5c') in 0.006537 seconds 
Internal: There are remaining Allocations on the JobTempAlloc. This is a leak, and will impact performance
To Debug, run app with -diag-job-temp-memory-leak-validation cmd line argument. This will output the callstacks of the leaked allocations.
Number of updated asset objects reloaded before import = 0
Number of asset objects unloaded after import = 47
========================================================================
Received Import Request.
  Time since last request: 0.000021 seconds.
  path: Assets/ToonyTinyPeople/TT_soldiers_Demo/animation/m_weapon_run_rm.FBX
  artifactKey: Guid(c0048537d6cf8f048b3f020cc6f2a35c) Importer(815301076,1909f56bfc062723c751e8b465ee728b)
Start importing Assets/ToonyTinyPeople/TT_soldiers_Demo/animation/m_weapon_run_rm.FBX using Guid(c0048537d6cf8f048b3f020cc6f2a35c) Importer(815301076,1909f56bfc062723c751e8b465ee728b)  -> (artifact id: '61955ecb05fcfbf8a957e70e4f386ad7') in 0.005169 seconds 
Internal: There are remaining Allocations on the JobTempAlloc. This is a leak, and will impact performance
To Debug, run app with -diag-job-temp-memory-leak-validation cmd line argument. This will output the callstacks of the leaked allocations.
Number of updated asset objects reloaded before import = 0
Number of asset objects unloaded after import = 47
========================================================================
Received Import Request.
  Time since last request: 0.000016 seconds.
  path: Assets/ToonyTinyPeople/TT_soldiers_Demo/animation/m_weapon_shoot.FBX
  artifactKey: Guid(80ab5b1ef45fca4489c63ad4e31b41a1) Importer(815301076,1909f56bfc062723c751e8b465ee728b)
Start importing Assets/ToonyTinyPeople/TT_soldiers_Demo/animation/m_weapon_shoot.FBX using Guid(80ab5b1ef45fca4489c63ad4e31b41a1) Importer(815301076,1909f56bfc062723c751e8b465ee728b)  -> (artifact id: '32408a813c651b380fc8daea58c6f9bb') in 0.004079 seconds 
Internal: There are remaining Allocations on the JobTempAlloc. This is a leak, and will impact performance
To Debug, run app with -diag-job-temp-memory-leak-validation cmd line argument. This will output the callstacks of the leaked allocations.
Number of updated asset objects reloaded before import = 0
Number of asset objects unloaded after import = 47
Editor requested this worker to shutdown with reason: Scaling down because of idle timeout
TcpMessagingSession - receive error: operation aborted. errorcode: 995, details:  /   -       .
AssetImportWorker is now disconnected from the server
Process exiting
Exiting without the bug reporter. Application will terminate with return code 0